{
  "RSpec": {
    "coverage": {
      "/Users/luciusktam/Desktop/CSCI3100-Project-Group-9/lib/gmail_oauth2_delivery.rb": {
        "lines": [
          1,
          1,
          null,
          null,
          null,
          null,
          null,
          null,
          null,
          null,
          1,
          1,
          null,
          1,
          8,
          null,
          7,
          6,
          null,
          6,
          6,
          null,
          null,
          null,
          1,
          null,
          1,
          3,
          null,
          null,
          null,
          null,
          null,
          2,
          2,
          null,
          null
        ]
      },
      "/Users/luciusktam/Desktop/CSCI3100-Project-Group-9/app/helpers/application_helper.rb": {
        "lines": [
          1,
          null
        ]
      },
      "/Users/luciusktam/Desktop/CSCI3100-Project-Group-9/app/helpers/chat_helper.rb": {
        "lines": [
          1,
          null
        ]
      },
      "/Users/luciusktam/Desktop/CSCI3100-Project-Group-9/app/helpers/community_helper.rb": {
        "lines": [
          1,
          null
        ]
      },
      "/Users/luciusktam/Desktop/CSCI3100-Project-Group-9/app/helpers/community_posts_helper.rb": {
        "lines": [
          1,
          null
        ]
      },
      "/Users/luciusktam/Desktop/CSCI3100-Project-Group-9/app/helpers/listings_helper.rb": {
        "lines": [
          1,
          null
        ]
      },
      "/Users/luciusktam/Desktop/CSCI3100-Project-Group-9/app/helpers/login_helper.rb": {
        "lines": [
          1,
          null
        ]
      },
      "/Users/luciusktam/Desktop/CSCI3100-Project-Group-9/app/helpers/profile_helper.rb": {
        "lines": [
          1,
          null
        ]
      },
      "/Users/luciusktam/Desktop/CSCI3100-Project-Group-9/app/mailers/user_mailer.rb": {
        "lines": [
          1,
          1,
          7,
          7,
          7,
          null,
          null,
          null,
          null,
          null,
          1,
          0,
          0,
          0,
          null,
          null,
          null,
          null,
          null
        ]
      },
      "/Users/luciusktam/Desktop/CSCI3100-Project-Group-9/app/mailers/application_mailer.rb": {
        "lines": [
          1,
          1,
          1,
          null
        ]
      },
      "/Users/luciusktam/Desktop/CSCI3100-Project-Group-9/app/models/comment.rb": {
        "lines": [
          1,
          1,
          1,
          null,
          1,
          null
        ]
      },
      "/Users/luciusktam/Desktop/CSCI3100-Project-Group-9/app/models/application_record.rb": {
        "lines": [
          1,
          1,
          null
        ]
      },
      "/Users/luciusktam/Desktop/CSCI3100-Project-Group-9/app/models/community_post.rb": {
        "lines": [
          1,
          1,
          1,
          1,
          1,
          1,
          null,
          1,
          5,
          null,
          4,
          null,
          4,
          null,
          null,
          null,
          null,
          null,
          null,
          null,
          null,
          null,
          null,
          null,
          null,
          null,
          null,
          null,
          null,
          null,
          null
        ]
      },
      "/Users/luciusktam/Desktop/CSCI3100-Project-Group-9/app/models/conversation.rb": {
        "lines": [
          1,
          1,
          1,
          1,
          null,
          1,
          1,
          1,
          null,
          1,
          21,
          null,
          null,
          1,
          3,
          null,
          null,
          1,
          7,
          null,
          null,
          1,
          13,
          13,
          null,
          null,
          1,
          0,
          0,
          null,
          null,
          1,
          21,
          null,
          null,
          21,
          10,
          null,
          null,
          21,
          null,
          null,
          1,
          null,
          1,
          75,
          1,
          null,
          null
        ]
      },
      "/Users/luciusktam/Desktop/CSCI3100-Project-Group-9/app/models/listing.rb": {
        "lines": [
          1,
          1,
          null,
          1,
          1,
          null,
          1,
          null,
          null,
          null,
          null,
          null,
          null,
          null,
          1,
          1,
          1,
          1,
          null,
          1,
          1,
          1,
          null,
          1,
          null,
          1,
          107,
          null,
          null,
          1,
          107,
          null,
          105,
          2,
          null,
          null,
          null
        ]
      },
      "/Users/luciusktam/Desktop/CSCI3100-Project-Group-9/app/models/message.rb": {
        "lines": [
          1,
          1,
          1,
          null,
          1,
          null,
          1,
          1,
          1,
          null,
          1,
          null,
          1,
          34,
          null,
          null,
          1,
          24,
          null,
          null,
          1,
          24,
          null,
          null,
          null,
          null,
          null,
          null
        ]
      },
      "/Users/luciusktam/Desktop/CSCI3100-Project-Group-9/app/models/user.rb": {
        "lines": [
          1,
          1,
          null,
          1,
          null,
          1,
          1,
          null,
          1,
          null,
          1,
          null,
          1,
          null,
          1,
          null,
          null,
          1,
          1,
          null,
          1,
          null,
          1,
          null,
          16,
          16,
          16,
          16,
          null,
          null,
          1,
          33,
          null,
          21,
          null,
          1,
          null,
          null,
          1,
          3,
          null,
          null,
          1,
          10,
          null,
          null,
          1,
          1,
          null,
          1,
          2,
          null,
          null,
          1,
          129,
          null,
          null,
          1,
          122,
          null,
          null,
          1,
          1,
          null,
          null,
          1,
          400,
          null,
          null
        ]
      },
      "/Users/luciusktam/Desktop/CSCI3100-Project-Group-9/app/controllers/admin/dashboard_controller.rb": {
        "lines": [
          1,
          1,
          1,
          null,
          1,
          1,
          1,
          1,
          1,
          1,
          null,
          1,
          1,
          1,
          null,
          null,
          1,
          5,
          5,
          1,
          4,
          1,
          null,
          3,
          3,
          1,
          1,
          2,
          1,
          1,
          null,
          1,
          null,
          null,
          5,
          null,
          null,
          1,
          3,
          3,
          1,
          2,
          1,
          null,
          1,
          1,
          null,
          3,
          null,
          null,
          1,
          3,
          3,
          1,
          2,
          1,
          null,
          1,
          1,
          null,
          3,
          null,
          null,
          1,
          1,
          1,
          1,
          1,
          null,
          null,
          1,
          1,
          1,
          1,
          1,
          null,
          null,
          1,
          null,
          1,
          20,
          null,
          6,
          6,
          null,
          null
        ]
      },
      "/Users/luciusktam/Desktop/CSCI3100-Project-Group-9/app/controllers/application_controller.rb": {
        "lines": [
          1,
          null,
          1,
          null,
          null,
          1,
          null,
          1,
          null,
          1,
          null,
          1,
          641,
          null,
          null,
          1,
          265,
          null,
          null,
          1,
          40,
          null,
          5,
          0,
          0,
          0,
          0,
          null,
          null,
          5,
          5,
          null,
          null,
          1,
          20,
          null,
          0,
          0,
          null,
          null
        ]
      },
      "/Users/luciusktam/Desktop/CSCI3100-Project-Group-9/app/controllers/listings_controller.rb": {
        "lines": [
          1,
          1,
          1,
          1,
          null,
          1,
          37,
          37,
          null,
          37,
          1,
          null,
          null,
          null,
          37,
          1,
          36,
          0,
          null,
          36,
          null,
          37,
          null,
          null,
          37,
          1,
          36,
          0,
          null,
          36,
          null,
          37,
          null,
          37,
          37,
          null,
          37,
          0,
          0,
          null,
          0,
          0,
          null,
          0,
          0,
          null,
          0,
          0,
          null,
          0,
          0,
          null,
          0,
          0,
          null,
          null,
          null,
          0,
          null,
          null,
          37,
          0,
          0,
          null,
          null,
          37,
          null,
          null,
          null,
          null,
          null,
          null,
          null,
          null,
          null,
          null,
          null,
          null,
          null,
          null,
          null,
          1,
          1,
          null,
          null,
          1,
          2,
          2,
          2,
          null,
          2,
          1,
          1,
          null,
          1,
          null,
          null,
          null,
          1,
          null,
          null,
          1,
          null,
          null,
          1,
          9,
          9,
          null,
          9,
          9,
          null,
          9,
          null,
          9,
          1,
          1,
          1,
          null,
          null,
          8,
          8,
          null,
          8,
          6,
          6,
          6,
          null,
          0,
          0,
          null,
          null,
          2,
          null,
          null,
          null,
          1,
          1,
          1,
          1,
          null,
          null,
          null,
          1,
          null,
          1,
          8,
          null,
          3,
          null,
          3,
          4,
          4,
          null,
          null,
          null,
          1,
          8,
          null,
          5,
          5,
          null,
          null,
          1,
          14,
          null,
          null,
          1,
          12,
          2,
          2,
          null,
          null,
          null,
          1,
          38,
          null,
          null,
          null,
          null,
          null
        ]
      },
      "/Users/luciusktam/Desktop/CSCI3100-Project-Group-9/app/controllers/sessions_controller.rb": {
        "lines": [
          1,
          1,
          77,
          77,
          77,
          null,
          77,
          76,
          0,
          0,
          76,
          75,
          75,
          null,
          1,
          1,
          null,
          null,
          1,
          null,
          null,
          77,
          null,
          null,
          1,
          21,
          21,
          null,
          null
        ]
      },
      "/Users/luciusktam/Desktop/CSCI3100-Project-Group-9/app/controllers/comments_controller.rb": {
        "lines": [
          null,
          1,
          1,
          1,
          1,
          1,
          null,
          1,
          2,
          2,
          null,
          2,
          1,
          null,
          1,
          1,
          null,
          null,
          null,
          1,
          1,
          1,
          1,
          null,
          null,
          1,
          null,
          1,
          2,
          null,
          null,
          1,
          1,
          null,
          null,
          1,
          2,
          null,
          null,
          1,
          3,
          null,
          null,
          1,
          1,
          null,
          null
        ]
      },
      "/Users/luciusktam/Desktop/CSCI3100-Project-Group-9/app/controllers/community_posts_controller.rb": {
        "lines": [
          1,
          1,
          1,
          1,
          null,
          1,
          5,
          null,
          5,
          null,
          5,
          1,
          null,
          null,
          5,
          1,
          1,
          null,
          null,
          5,
          null,
          null,
          null,
          null,
          null,
          1,
          3,
          3,
          null,
          null,
          null,
          1,
          1,
          null,
          null,
          1,
          2,
          null,
          2,
          1,
          null,
          1,
          null,
          null,
          null,
          null,
          1,
          null,
          null,
          1,
          2,
          1,
          null,
          1,
          null,
          null,
          null,
          1,
          1,
          1,
          null,
          null,
          null,
          1,
          null,
          1,
          13,
          null,
          null,
          1,
          4,
          null,
          null,
          null,
          1,
          15,
          5,
          null,
          null,
          null,
          1,
          7,
          null,
          null
        ]
      },
      "/Users/luciusktam/Desktop/CSCI3100-Project-Group-9/app/controllers/users_controller.rb": {
        "lines": [
          1,
          1,
          0,
          null,
          null,
          1,
          2,
          2,
          null,
          2,
          2,
          2,
          null,
          0,
          0,
          0,
          null,
          null,
          null,
          1,
          5,
          null,
          5,
          3,
          3,
          2,
          0,
          null,
          2,
          null,
          null,
          null,
          1,
          5,
          5,
          null,
          5,
          null,
          2,
          2,
          null,
          null,
          5,
          null,
          null,
          0,
          0,
          null,
          null,
          1,
          0,
          0,
          0,
          0,
          null,
          null,
          null,
          1,
          null,
          1,
          2,
          null,
          null
        ]
      },
      "/Users/luciusktam/Desktop/CSCI3100-Project-Group-9/app/controllers/login_controller.rb": {
        "lines": [
          1,
          1,
          null,
          null
        ]
      },
      "/Users/luciusktam/Desktop/CSCI3100-Project-Group-9/app/controllers/chat_controller.rb": {
        "lines": [
          1,
          1,
          null,
          1,
          null,
          5,
          null,
          null,
          null,
          null,
          null,
          7,
          null,
          null,
          5,
          0,
          0,
          0,
          null,
          null,
          null,
          1,
          3,
          3,
          null,
          null,
          null,
          3,
          null,
          null,
          6,
          null,
          null,
          3,
          3,
          3,
          3,
          null,
          null,
          3,
          null,
          3,
          null,
          null,
          1,
          3,
          3,
          null,
          null,
          3,
          3,
          3,
          1,
          null,
          null,
          null,
          3,
          null,
          3,
          null,
          2,
          null,
          null,
          null,
          null,
          null,
          null,
          null,
          1,
          4,
          4,
          4,
          null,
          null,
          null,
          null,
          4,
          1,
          null,
          3,
          null,
          null,
          null,
          1,
          2,
          2,
          null,
          null,
          2,
          null,
          2,
          null,
          2,
          1,
          1,
          null,
          1,
          null,
          null,
          null,
          0,
          null,
          null,
          1,
          null,
          3,
          null,
          3,
          3,
          3,
          null,
          3,
          2,
          2,
          1,
          1,
          null,
          null,
          null,
          3,
          null,
          null,
          3,
          null,
          null,
          1,
          null
        ]
      },
      "/Users/luciusktam/Desktop/CSCI3100-Project-Group-9/app/controllers/passwords_controller.rb": {
        "lines": [
          1,
          1,
          null,
          1,
          null,
          null,
          1,
          4,
          4,
          null,
          4,
          3,
          3,
          3,
          null,
          null,
          4,
          null,
          null,
          1,
          2,
          1,
          null,
          null,
          null,
          1,
          5,
          1,
          1,
          null,
          null,
          4,
          2,
          2,
          null,
          2,
          null,
          null,
          null,
          1,
          null,
          1,
          10,
          39,
          10,
          null,
          3,
          null,
          null,
          1,
          4,
          null
        ]
      },
      "/Users/luciusktam/Desktop/CSCI3100-Project-Group-9/app/controllers/profile_controller.rb": {
        "lines": [
          1,
          1,
          null,
          1,
          null,
          null,
          1,
          3,
          2,
          null,
          1,
          null,
          null,
          null,
          1,
          2,
          null,
          2,
          2,
          2,
          null,
          0,
          null,
          null,
          null,
          1,
          null,
          1,
          9,
          null,
          3,
          null,
          null,
          1,
          3,
          null,
          null
        ]
      },
      "/Users/luciusktam/Desktop/CSCI3100-Project-Group-9/app/jobs/application_job.rb": {
        "lines": [
          0,
          null,
          null,
          null,
          null,
          null,
          0
        ],
        "branches": {}
      }
    },
    "timestamp": 1775985145
  }
}
